

Started GET "/users/5" for 127.0.0.1 at 2014-04-14 22:30:12 -0400

ActionController::RoutingError (No route matches [GET] "/users/5"):
  actionpack (4.0.2) lib/action_dispatch/middleware/debug_exceptions.rb:21:in `call'
  actionpack (4.0.2) lib/action_dispatch/middleware/show_exceptions.rb:30:in `call'
  railties (4.0.2) lib/rails/rack/logger.rb:38:in `call_app'
  railties (4.0.2) lib/rails/rack/logger.rb:20:in `block in call'
  activesupport (4.0.2) lib/active_support/tagged_logging.rb:67:in `block in tagged'
  activesupport (4.0.2) lib/active_support/tagged_logging.rb:25:in `tagged'
  activesupport (4.0.2) lib/active_support/tagged_logging.rb:67:in `tagged'
  railties (4.0.2) lib/rails/rack/logger.rb:20:in `call'
  actionpack (4.0.2) lib/action_dispatch/middleware/request_id.rb:21:in `call'
  rack (1.5.2) lib/rack/methodoverride.rb:21:in `call'
  rack (1.5.2) lib/rack/runtime.rb:17:in `call'
  activesupport (4.0.2) lib/active_support/cache/strategy/local_cache.rb:83:in `call'
  rack (1.5.2) lib/rack/lock.rb:17:in `call'
  actionpack (4.0.2) lib/action_dispatch/middleware/static.rb:64:in `call'
  rack (1.5.2) lib/rack/sendfile.rb:112:in `call'
  railties (4.0.2) lib/rails/engine.rb:511:in `call'
  railties (4.0.2) lib/rails/application.rb:97:in `call'
  rack (1.5.2) lib/rack/lock.rb:17:in `call'
  rack (1.5.2) lib/rack/content_length.rb:14:in `call'
  rack (1.5.2) lib/rack/handler/webrick.rb:60:in `service'
  /Users/Zack/.rvm/rubies/ruby-2.1.0/lib/ruby/2.1.0/webrick/httpserver.rb:138:in `service'
  /Users/Zack/.rvm/rubies/ruby-2.1.0/lib/ruby/2.1.0/webrick/httpserver.rb:94:in `run'
  /Users/Zack/.rvm/rubies/ruby-2.1.0/lib/ruby/2.1.0/webrick/server.rb:295:in `block in start_thread'


  Rendered /Users/Zack/.rvm/gems/ruby-2.1.0@global/gems/actionpack-4.0.2/lib/action_dispatch/middleware/templates/rescues/_trace.erb (2.9ms)
  Rendered /Users/Zack/.rvm/gems/ruby-2.1.0@global/gems/actionpack-4.0.2/lib/action_dispatch/middleware/templates/routes/_table.html.erb (9.4ms)
  Rendered /Users/Zack/.rvm/gems/ruby-2.1.0@global/gems/actionpack-4.0.2/lib/action_dispatch/middleware/templates/rescues/routing_error.erb within rescues/layout (38.9ms)


Started GET "/" for 127.0.0.1 at 2014-04-14 22:30:14 -0400
Processing by Rails::WelcomeController#index as HTML
  Rendered /Users/Zack/.rvm/gems/ruby-2.1.0@global/gems/railties-4.0.2/lib/rails/templates/rails/welcome/index.html.erb (0.9ms)
Completed 200 OK in 23ms (Views: 3.8ms | ActiveRecord: 0.0ms)


Started GET "/" for 127.0.0.1 at 2014-04-14 22:30:24 -0400
Processing by Rails::WelcomeController#index as HTML
  Rendered /Users/Zack/.rvm/gems/ruby-2.1.0@global/gems/railties-4.0.2/lib/rails/templates/rails/welcome/index.html.erb (0.0ms)
Completed 200 OK in 2ms (Views: 1.5ms | ActiveRecord: 0.0ms)


Started GET "/" for 127.0.0.1 at 2014-04-14 23:02:51 -0400
Processing by Rails::WelcomeController#index as HTML
  Rendered /Users/Zack/.rvm/gems/ruby-2.1.0@global/gems/railties-4.0.2/lib/rails/templates/rails/welcome/index.html.erb (0.1ms)
Completed 200 OK in 3ms (Views: 2.8ms | ActiveRecord: 0.0ms)


Started GET "/" for 127.0.0.1 at 2014-04-15 19:40:29 -0400
Processing by Rails::WelcomeController#index as HTML
  Rendered /Users/Zack/.rvm/gems/ruby-2.1.0@global/gems/railties-4.0.2/lib/rails/templates/rails/welcome/index.html.erb (0.4ms)
Completed 200 OK in 11ms (Views: 8.7ms | ActiveRecord: 0.0ms)


Started GET "/" for 127.0.0.1 at 2014-04-15 19:43:21 -0400
Processing by Rails::WelcomeController#index as HTML
  Rendered /Users/Zack/.rvm/gems/ruby-2.1.0@global/gems/railties-4.0.2/lib/rails/templates/rails/welcome/index.html.erb (0.1ms)
Completed 200 OK in 3ms (Views: 2.5ms | ActiveRecord: 0.0ms)


Started GET "/" for 127.0.0.1 at 2014-04-15 19:43:22 -0400
Processing by Rails::WelcomeController#index as HTML
  Rendered /Users/Zack/.rvm/gems/ruby-2.1.0@global/gems/railties-4.0.2/lib/rails/templates/rails/welcome/index.html.erb (0.1ms)
Completed 200 OK in 3ms (Views: 2.2ms | ActiveRecord: 0.0ms)


Started GET "/" for 127.0.0.1 at 2014-04-15 19:43:56 -0400
Processing by Rails::WelcomeController#index as HTML
  Rendered /Users/Zack/.rvm/gems/ruby-2.1.0@global/gems/railties-4.0.2/lib/rails/templates/rails/welcome/index.html.erb (0.0ms)
Completed 200 OK in 2ms (Views: 1.6ms | ActiveRecord: 0.0ms)
