# Logfile created on 2014-04-15 19:46:52 -0400 by logger.rb/44203
I, [2014-04-15T19:46:52.664912 #7027]  INFO -- : 0:  rake (10.2.2) from /Users/Zack/.rvm/gems/ruby-2.1.0/specifications/rake-10.2.2.gemspec
I, [2014-04-15T19:46:52.666886 #7027]  INFO -- : 0:  i18n (0.6.9) from /Users/Zack/.rvm/gems/ruby-2.1.0@global/specifications/i18n-0.6.9.gemspec
I, [2014-04-15T19:46:52.667359 #7027]  INFO -- : 0:  minitest (4.7.5) from /Users/Zack/.rvm/rubies/ruby-2.1.0/lib/ruby/gems/2.1.0/specifications/default/minitest-4.7.5.gemspec
I, [2014-04-15T19:46:52.667792 #7027]  INFO -- : 0:  multi_json (1.9.2) from /Users/Zack/.rvm/gems/ruby-2.1.0/specifications/multi_json-1.9.2.gemspec
I, [2014-04-15T19:46:52.668219 #7027]  INFO -- : 0:  thread_safe (0.3.3) from /Users/Zack/.rvm/gems/ruby-2.1.0/specifications/thread_safe-0.3.3.gemspec
I, [2014-04-15T19:46:52.668638 #7027]  INFO -- : 0:  tzinfo (0.3.39) from /Users/Zack/.rvm/gems/ruby-2.1.0/specifications/tzinfo-0.3.39.gemspec
I, [2014-04-15T19:46:52.669391 #7027]  INFO -- : 0:  activesupport (4.0.2) from /Users/Zack/.rvm/gems/ruby-2.1.0@global/specifications/activesupport-4.0.2.gemspec
I, [2014-04-15T19:46:52.670331 #7027]  INFO -- : 0:  builder (3.1.4) from /Users/Zack/.rvm/gems/ruby-2.1.0@global/specifications/builder-3.1.4.gemspec
I, [2014-04-15T19:46:52.670714 #7027]  INFO -- : 0:  erubis (2.7.0) from /Users/Zack/.rvm/gems/ruby-2.1.0@global/specifications/erubis-2.7.0.gemspec
I, [2014-04-15T19:46:52.671100 #7027]  INFO -- : 0:  rack (1.5.2) from /Users/Zack/.rvm/gems/ruby-2.1.0@global/specifications/rack-1.5.2.gemspec
I, [2014-04-15T19:46:52.671500 #7027]  INFO -- : 0:  rack-test (0.6.2) from /Users/Zack/.rvm/gems/ruby-2.1.0@global/specifications/rack-test-0.6.2.gemspec
I, [2014-04-15T19:46:52.671891 #7027]  INFO -- : 0:  actionpack (4.0.2) from /Users/Zack/.rvm/gems/ruby-2.1.0@global/specifications/actionpack-4.0.2.gemspec
I, [2014-04-15T19:46:52.672278 #7027]  INFO -- : 0:  mime-types (1.25.1) from /Users/Zack/.rvm/gems/ruby-2.1.0@global/specifications/mime-types-1.25.1.gemspec
I, [2014-04-15T19:46:52.672783 #7027]  INFO -- : 0:  polyglot (0.3.4) from /Users/Zack/.rvm/gems/ruby-2.1.0/specifications/polyglot-0.3.4.gemspec
I, [2014-04-15T19:46:52.673212 #7027]  INFO -- : 0:  treetop (1.4.15) from /Users/Zack/.rvm/gems/ruby-2.1.0@global/specifications/treetop-1.4.15.gemspec
I, [2014-04-15T19:46:52.673613 #7027]  INFO -- : 0:  mail (2.5.4) from /Users/Zack/.rvm/gems/ruby-2.1.0@global/specifications/mail-2.5.4.gemspec
I, [2014-04-15T19:46:52.680192 #7027]  INFO -- : 0:  actionmailer (4.0.2) from /Users/Zack/.rvm/gems/ruby-2.1.0@global/specifications/actionmailer-4.0.2.gemspec
I, [2014-04-15T19:46:52.680687 #7027]  INFO -- : 0:  activemodel (4.0.2) from /Users/Zack/.rvm/gems/ruby-2.1.0@global/specifications/activemodel-4.0.2.gemspec
I, [2014-04-15T19:46:52.681118 #7027]  INFO -- : 0:  activerecord-deprecated_finders (1.0.3) from /Users/Zack/.rvm/gems/ruby-2.1.0@global/specifications/activerecord-deprecated_finders-1.0.3.gemspec
I, [2014-04-15T19:46:52.681801 #7027]  INFO -- : 0:  arel (4.0.2) from /Users/Zack/.rvm/gems/ruby-2.1.0/specifications/arel-4.0.2.gemspec
I, [2014-04-15T19:46:52.682272 #7027]  INFO -- : 0:  activerecord (4.0.2) from /Users/Zack/.rvm/gems/ruby-2.1.0@global/specifications/activerecord-4.0.2.gemspec
I, [2014-04-15T19:46:52.682707 #7027]  INFO -- : 0:  sass (3.2.19) from /Users/Zack/.rvm/gems/ruby-2.1.0/specifications/sass-3.2.19.gemspec
I, [2014-04-15T19:46:54.479832 #7027]  INFO -- : 0:  bootstrap-sass (3.1.1.0) from /Users/Zack/.rvm/gems/ruby-2.1.0/specifications/bootstrap-sass-3.1.1.0.gemspec
I, [2014-04-15T19:46:54.480978 #7027]  INFO -- : 0:  bundler (1.5.1) from /Users/Zack/.rvm/gems/ruby-2.1.0@global/specifications/bundler-1.5.1.gemspec
I, [2014-04-15T19:46:54.481906 #7027]  INFO -- : 0:  coffee-script-source (1.7.0) from /Users/Zack/.rvm/gems/ruby-2.1.0/specifications/coffee-script-source-1.7.0.gemspec
I, [2014-04-15T19:46:54.482784 #7027]  INFO -- : 0:  execjs (2.0.2) from /Users/Zack/.rvm/gems/ruby-2.1.0/specifications/execjs-2.0.2.gemspec
I, [2014-04-15T19:46:54.483307 #7027]  INFO -- : 0:  coffee-script (2.2.0) from /Users/Zack/.rvm/gems/ruby-2.1.0/specifications/coffee-script-2.2.0.gemspec
I, [2014-04-15T19:46:54.483863 #7027]  INFO -- : 0:  thor (0.19.1) from /Users/Zack/.rvm/gems/ruby-2.1.0/specifications/thor-0.19.1.gemspec
I, [2014-04-15T19:46:54.484348 #7027]  INFO -- : 0:  railties (4.0.2) from /Users/Zack/.rvm/gems/ruby-2.1.0@global/specifications/railties-4.0.2.gemspec
I, [2014-04-15T19:46:54.484932 #7027]  INFO -- : 0:  coffee-rails (4.0.1) from /Users/Zack/.rvm/gems/ruby-2.1.0/specifications/coffee-rails-4.0.1.gemspec
I, [2014-04-15T19:46:54.485317 #7027]  INFO -- : 0:  hike (1.2.3) from /Users/Zack/.rvm/gems/ruby-2.1.0@global/specifications/hike-1.2.3.gemspec
I, [2014-04-15T19:46:54.485726 #7027]  INFO -- : 0:  jbuilder (1.5.3) from /Users/Zack/.rvm/gems/ruby-2.1.0/specifications/jbuilder-1.5.3.gemspec
I, [2014-04-15T19:46:54.486430 #7027]  INFO -- : 0:  jquery-rails (3.1.0) from /Users/Zack/.rvm/gems/ruby-2.1.0/specifications/jquery-rails-3.1.0.gemspec
I, [2014-04-15T19:46:54.487562 #7027]  INFO -- : 0:  json (1.8.1) from /Users/Zack/.rvm/rubies/ruby-2.1.0/lib/ruby/gems/2.1.0/specifications/default/json-1.8.1.gemspec
I, [2014-04-15T19:46:54.487973 #7027]  INFO -- : 0:  tilt (1.4.1) from /Users/Zack/.rvm/gems/ruby-2.1.0@global/specifications/tilt-1.4.1.gemspec
I, [2014-04-15T19:46:54.488529 #7027]  INFO -- : 0:  sprockets (2.11.0) from /Users/Zack/.rvm/gems/ruby-2.1.0/specifications/sprockets-2.11.0.gemspec
I, [2014-04-15T19:46:54.489036 #7027]  INFO -- : 0:  sprockets-rails (2.0.1) from /Users/Zack/.rvm/gems/ruby-2.1.0@global/specifications/sprockets-rails-2.0.1.gemspec
I, [2014-04-15T19:46:54.489488 #7027]  INFO -- : 0:  rails (4.0.2) from /Users/Zack/.rvm/gems/ruby-2.1.0@global/specifications/rails-4.0.2.gemspec
I, [2014-04-15T19:46:54.490182 #7027]  INFO -- : 0:  rdoc (4.1.1) from /Users/Zack/.rvm/gems/ruby-2.1.0/specifications/rdoc-4.1.1.gemspec
I, [2014-04-15T19:46:54.490802 #7027]  INFO -- : 0:  sass-rails (4.0.3) from /Users/Zack/.rvm/gems/ruby-2.1.0/specifications/sass-rails-4.0.3.gemspec
I, [2014-04-15T19:46:54.491205 #7027]  INFO -- : 0:  sdoc (0.4.0) from /Users/Zack/.rvm/gems/ruby-2.1.0/specifications/sdoc-0.4.0.gemspec
I, [2014-04-15T19:46:54.491618 #7027]  INFO -- : 0:  sqlite3 (1.3.9) from /Users/Zack/.rvm/gems/ruby-2.1.0/specifications/sqlite3-1.3.9.gemspec
I, [2014-04-15T19:46:54.492029 #7027]  INFO -- : 0:  turbolinks (2.2.2) from /Users/Zack/.rvm/gems/ruby-2.1.0/specifications/turbolinks-2.2.2.gemspec
I, [2014-04-15T19:46:54.492617 #7027]  INFO -- : 0:  uglifier (2.5.0) from /Users/Zack/.rvm/gems/ruby-2.1.0/specifications/uglifier-2.5.0.gemspec
I, [2014-04-15T19:56:30.520896 #7058]  INFO -- : 0:  rake (10.2.2) from /Users/Zack/.rvm/gems/ruby-2.1.0/specifications/rake-10.2.2.gemspec
I, [2014-04-15T19:56:30.522567 #7058]  INFO -- : 0:  i18n (0.6.9) from /Users/Zack/.rvm/gems/ruby-2.1.0@global/specifications/i18n-0.6.9.gemspec
I, [2014-04-15T19:56:30.522902 #7058]  INFO -- : 0:  minitest (4.7.5) from /Users/Zack/.rvm/rubies/ruby-2.1.0/lib/ruby/gems/2.1.0/specifications/default/minitest-4.7.5.gemspec
I, [2014-04-15T19:56:30.523178 #7058]  INFO -- : 0:  multi_json (1.9.2) from /Users/Zack/.rvm/gems/ruby-2.1.0/specifications/multi_json-1.9.2.gemspec
I, [2014-04-15T19:56:30.523459 #7058]  INFO -- : 0:  thread_safe (0.3.3) from /Users/Zack/.rvm/gems/ruby-2.1.0/specifications/thread_safe-0.3.3.gemspec
I, [2014-04-15T19:56:30.523738 #7058]  INFO -- : 0:  tzinfo (0.3.39) from /Users/Zack/.rvm/gems/ruby-2.1.0/specifications/tzinfo-0.3.39.gemspec
I, [2014-04-15T19:56:30.524003 #7058]  INFO -- : 0:  activesupport (4.0.2) from /Users/Zack/.rvm/gems/ruby-2.1.0@global/specifications/activesupport-4.0.2.gemspec
I, [2014-04-15T19:56:30.524217 #7058]  INFO -- : 0:  builder (3.1.4) from /Users/Zack/.rvm/gems/ruby-2.1.0@global/specifications/builder-3.1.4.gemspec
I, [2014-04-15T19:56:30.524450 #7058]  INFO -- : 0:  erubis (2.7.0) from /Users/Zack/.rvm/gems/ruby-2.1.0@global/specifications/erubis-2.7.0.gemspec
I, [2014-04-15T19:56:30.524754 #7058]  INFO -- : 0:  rack (1.5.2) from /Users/Zack/.rvm/gems/ruby-2.1.0@global/specifications/rack-1.5.2.gemspec
I, [2014-04-15T19:56:30.525050 #7058]  INFO -- : 0:  rack-test (0.6.2) from /Users/Zack/.rvm/gems/ruby-2.1.0@global/specifications/rack-test-0.6.2.gemspec
I, [2014-04-15T19:56:30.525334 #7058]  INFO -- : 0:  actionpack (4.0.2) from /Users/Zack/.rvm/gems/ruby-2.1.0@global/specifications/actionpack-4.0.2.gemspec
I, [2014-04-15T19:56:30.525608 #7058]  INFO -- : 0:  mime-types (1.25.1) from /Users/Zack/.rvm/gems/ruby-2.1.0@global/specifications/mime-types-1.25.1.gemspec
I, [2014-04-15T19:56:30.525876 #7058]  INFO -- : 0:  polyglot (0.3.4) from /Users/Zack/.rvm/gems/ruby-2.1.0/specifications/polyglot-0.3.4.gemspec
I, [2014-04-15T19:56:30.526141 #7058]  INFO -- : 0:  treetop (1.4.15) from /Users/Zack/.rvm/gems/ruby-2.1.0@global/specifications/treetop-1.4.15.gemspec
I, [2014-04-15T19:56:30.526392 #7058]  INFO -- : 0:  mail (2.5.4) from /Users/Zack/.rvm/gems/ruby-2.1.0@global/specifications/mail-2.5.4.gemspec
I, [2014-04-15T19:56:30.526682 #7058]  INFO -- : 0:  actionmailer (4.0.2) from /Users/Zack/.rvm/gems/ruby-2.1.0@global/specifications/actionmailer-4.0.2.gemspec
I, [2014-04-15T19:56:30.527135 #7058]  INFO -- : 0:  activemodel (4.0.2) from /Users/Zack/.rvm/gems/ruby-2.1.0@global/specifications/activemodel-4.0.2.gemspec
I, [2014-04-15T19:56:30.527471 #7058]  INFO -- : 0:  activerecord-deprecated_finders (1.0.3) from /Users/Zack/.rvm/gems/ruby-2.1.0@global/specifications/activerecord-deprecated_finders-1.0.3.gemspec
I, [2014-04-15T19:56:30.527757 #7058]  INFO -- : 0:  arel (4.0.2) from /Users/Zack/.rvm/gems/ruby-2.1.0/specifications/arel-4.0.2.gemspec
I, [2014-04-15T19:56:30.528020 #7058]  INFO -- : 0:  activerecord (4.0.2) from /Users/Zack/.rvm/gems/ruby-2.1.0@global/specifications/activerecord-4.0.2.gemspec
I, [2014-04-15T19:56:30.528278 #7058]  INFO -- : 0:  sass (3.2.19) from /Users/Zack/.rvm/gems/ruby-2.1.0/specifications/sass-3.2.19.gemspec
I, [2014-04-15T19:56:30.528532 #7058]  INFO -- : 0:  bootstrap-sass (3.1.1.0) from /Users/Zack/.rvm/gems/ruby-2.1.0/specifications/bootstrap-sass-3.1.1.0.gemspec
I, [2014-04-15T19:56:30.528778 #7058]  INFO -- : 0:  bundler (1.5.1) from /Users/Zack/.rvm/gems/ruby-2.1.0@global/specifications/bundler-1.5.1.gemspec
I, [2014-04-15T19:56:30.529032 #7058]  INFO -- : 0:  coffee-script-source (1.7.0) from /Users/Zack/.rvm/gems/ruby-2.1.0/specifications/coffee-script-source-1.7.0.gemspec
I, [2014-04-15T19:56:30.529288 #7058]  INFO -- : 0:  execjs (2.0.2) from /Users/Zack/.rvm/gems/ruby-2.1.0/specifications/execjs-2.0.2.gemspec
I, [2014-04-15T19:56:30.529530 #7058]  INFO -- : 0:  coffee-script (2.2.0) from /Users/Zack/.rvm/gems/ruby-2.1.0/specifications/coffee-script-2.2.0.gemspec
I, [2014-04-15T19:56:30.529783 #7058]  INFO -- : 0:  thor (0.19.1) from /Users/Zack/.rvm/gems/ruby-2.1.0/specifications/thor-0.19.1.gemspec
I, [2014-04-15T19:56:30.530042 #7058]  INFO -- : 0:  railties (4.0.2) from /Users/Zack/.rvm/gems/ruby-2.1.0@global/specifications/railties-4.0.2.gemspec
I, [2014-04-15T19:56:30.530399 #7058]  INFO -- : 0:  coffee-rails (4.0.1) from /Users/Zack/.rvm/gems/ruby-2.1.0/specifications/coffee-rails-4.0.1.gemspec
I, [2014-04-15T19:56:30.530779 #7058]  INFO -- : 0:  hike (1.2.3) from /Users/Zack/.rvm/gems/ruby-2.1.0@global/specifications/hike-1.2.3.gemspec
I, [2014-04-15T19:56:30.531132 #7058]  INFO -- : 0:  jbuilder (1.5.3) from /Users/Zack/.rvm/gems/ruby-2.1.0/specifications/jbuilder-1.5.3.gemspec
I, [2014-04-15T19:56:30.531388 #7058]  INFO -- : 0:  jquery-rails (3.1.0) from /Users/Zack/.rvm/gems/ruby-2.1.0/specifications/jquery-rails-3.1.0.gemspec
I, [2014-04-15T19:56:30.531711 #7058]  INFO -- : 0:  json (1.8.1) from /Users/Zack/.rvm/rubies/ruby-2.1.0/lib/ruby/gems/2.1.0/specifications/default/json-1.8.1.gemspec
I, [2014-04-15T19:56:30.532105 #7058]  INFO -- : 0:  tilt (1.4.1) from /Users/Zack/.rvm/gems/ruby-2.1.0@global/specifications/tilt-1.4.1.gemspec
I, [2014-04-15T19:56:30.532421 #7058]  INFO -- : 0:  sprockets (2.11.0) from /Users/Zack/.rvm/gems/ruby-2.1.0/specifications/sprockets-2.11.0.gemspec
I, [2014-04-15T19:56:30.532663 #7058]  INFO -- : 0:  sprockets-rails (2.0.1) from /Users/Zack/.rvm/gems/ruby-2.1.0@global/specifications/sprockets-rails-2.0.1.gemspec
I, [2014-04-15T19:56:30.532885 #7058]  INFO -- : 0:  rails (4.0.2) from /Users/Zack/.rvm/gems/ruby-2.1.0@global/specifications/rails-4.0.2.gemspec
I, [2014-04-15T19:56:31.697830 #7058]  INFO -- : 0:  rails_refactor (1.3) from /Users/Zack/.rvm/gems/ruby-2.1.0/specifications/rails_refactor-1.3.gemspec
I, [2014-04-15T19:56:31.698193 #7058]  INFO -- : 0:  rdoc (4.1.1) from /Users/Zack/.rvm/gems/ruby-2.1.0/specifications/rdoc-4.1.1.gemspec
I, [2014-04-15T19:56:31.698415 #7058]  INFO -- : 0:  sass-rails (4.0.3) from /Users/Zack/.rvm/gems/ruby-2.1.0/specifications/sass-rails-4.0.3.gemspec
I, [2014-04-15T19:56:31.698629 #7058]  INFO -- : 0:  sdoc (0.4.0) from /Users/Zack/.rvm/gems/ruby-2.1.0/specifications/sdoc-0.4.0.gemspec
I, [2014-04-15T19:56:31.698839 #7058]  INFO -- : 0:  sqlite3 (1.3.9) from /Users/Zack/.rvm/gems/ruby-2.1.0/specifications/sqlite3-1.3.9.gemspec
I, [2014-04-15T19:56:31.699063 #7058]  INFO -- : 0:  turbolinks (2.2.2) from /Users/Zack/.rvm/gems/ruby-2.1.0/specifications/turbolinks-2.2.2.gemspec
I, [2014-04-15T19:56:31.699298 #7058]  INFO -- : 0:  uglifier (2.5.0) from /Users/Zack/.rvm/gems/ruby-2.1.0/specifications/uglifier-2.5.0.gemspec
I, [2014-04-15T19:59:54.491801 #7083]  INFO -- : 0:  rake (10.2.2) from /Users/Zack/.rvm/gems/ruby-2.1.0/specifications/rake-10.2.2.gemspec
I, [2014-04-15T19:59:54.492671 #7083]  INFO -- : 0:  i18n (0.6.9) from /Users/Zack/.rvm/gems/ruby-2.1.0@global/specifications/i18n-0.6.9.gemspec
I, [2014-04-15T19:59:54.493636 #7083]  INFO -- : 0:  minitest (4.7.5) from /Users/Zack/.rvm/rubies/ruby-2.1.0/lib/ruby/gems/2.1.0/specifications/default/minitest-4.7.5.gemspec
I, [2014-04-15T19:59:54.494334 #7083]  INFO -- : 0:  multi_json (1.9.2) from /Users/Zack/.rvm/gems/ruby-2.1.0/specifications/multi_json-1.9.2.gemspec
I, [2014-04-15T19:59:54.495027 #7083]  INFO -- : 0:  thread_safe (0.3.3) from /Users/Zack/.rvm/gems/ruby-2.1.0/specifications/thread_safe-0.3.3.gemspec
I, [2014-04-15T19:59:54.495396 #7083]  INFO -- : 0:  tzinfo (0.3.39) from /Users/Zack/.rvm/gems/ruby-2.1.0/specifications/tzinfo-0.3.39.gemspec
I, [2014-04-15T19:59:54.496832 #7083]  INFO -- : 0:  activesupport (4.0.2) from /Users/Zack/.rvm/gems/ruby-2.1.0@global/specifications/activesupport-4.0.2.gemspec
I, [2014-04-15T19:59:54.497387 #7083]  INFO -- : 0:  builder (3.1.4) from /Users/Zack/.rvm/gems/ruby-2.1.0@global/specifications/builder-3.1.4.gemspec
I, [2014-04-15T19:59:54.497757 #7083]  INFO -- : 0:  erubis (2.7.0) from /Users/Zack/.rvm/gems/ruby-2.1.0@global/specifications/erubis-2.7.0.gemspec
I, [2014-04-15T19:59:54.499768 #7083]  INFO -- : 0:  rack (1.5.2) from /Users/Zack/.rvm/gems/ruby-2.1.0@global/specifications/rack-1.5.2.gemspec
I, [2014-04-15T19:59:54.503131 #7083]  INFO -- : 0:  rack-test (0.6.2) from /Users/Zack/.rvm/gems/ruby-2.1.0@global/specifications/rack-test-0.6.2.gemspec
I, [2014-04-15T19:59:54.504661 #7083]  INFO -- : 0:  actionpack (4.0.2) from /Users/Zack/.rvm/gems/ruby-2.1.0@global/specifications/actionpack-4.0.2.gemspec
I, [2014-04-15T19:59:54.505688 #7083]  INFO -- : 0:  mime-types (1.25.1) from /Users/Zack/.rvm/gems/ruby-2.1.0@global/specifications/mime-types-1.25.1.gemspec
I, [2014-04-15T19:59:54.507712 #7083]  INFO -- : 0:  polyglot (0.3.4) from /Users/Zack/.rvm/gems/ruby-2.1.0/specifications/polyglot-0.3.4.gemspec
I, [2014-04-15T19:59:54.509088 #7083]  INFO -- : 0:  treetop (1.4.15) from /Users/Zack/.rvm/gems/ruby-2.1.0@global/specifications/treetop-1.4.15.gemspec
I, [2014-04-15T19:59:54.510699 #7083]  INFO -- : 0:  mail (2.5.4) from /Users/Zack/.rvm/gems/ruby-2.1.0@global/specifications/mail-2.5.4.gemspec
I, [2014-04-15T19:59:54.512109 #7083]  INFO -- : 0:  actionmailer (4.0.2) from /Users/Zack/.rvm/gems/ruby-2.1.0@global/specifications/actionmailer-4.0.2.gemspec
I, [2014-04-15T19:59:54.512420 #7083]  INFO -- : 0:  activemodel (4.0.2) from /Users/Zack/.rvm/gems/ruby-2.1.0@global/specifications/activemodel-4.0.2.gemspec
I, [2014-04-15T19:59:54.512699 #7083]  INFO -- : 0:  activerecord-deprecated_finders (1.0.3) from /Users/Zack/.rvm/gems/ruby-2.1.0@global/specifications/activerecord-deprecated_finders-1.0.3.gemspec
I, [2014-04-15T19:59:54.513126 #7083]  INFO -- : 0:  arel (4.0.2) from /Users/Zack/.rvm/gems/ruby-2.1.0/specifications/arel-4.0.2.gemspec
I, [2014-04-15T19:59:54.513445 #7083]  INFO -- : 0:  activerecord (4.0.2) from /Users/Zack/.rvm/gems/ruby-2.1.0@global/specifications/activerecord-4.0.2.gemspec
I, [2014-04-15T19:59:54.513747 #7083]  INFO -- : 0:  sass (3.2.19) from /Users/Zack/.rvm/gems/ruby-2.1.0/specifications/sass-3.2.19.gemspec
I, [2014-04-15T19:59:54.514029 #7083]  INFO -- : 0:  bootstrap-sass (3.1.1.0) from /Users/Zack/.rvm/gems/ruby-2.1.0/specifications/bootstrap-sass-3.1.1.0.gemspec
I, [2014-04-15T19:59:54.514360 #7083]  INFO -- : 0:  bundler (1.5.1) from /Users/Zack/.rvm/gems/ruby-2.1.0@global/specifications/bundler-1.5.1.gemspec
I, [2014-04-15T19:59:54.514710 #7083]  INFO -- : 0:  coffee-script-source (1.7.0) from /Users/Zack/.rvm/gems/ruby-2.1.0/specifications/coffee-script-source-1.7.0.gemspec
I, [2014-04-15T19:59:54.515068 #7083]  INFO -- : 0:  execjs (2.0.2) from /Users/Zack/.rvm/gems/ruby-2.1.0/specifications/execjs-2.0.2.gemspec
I, [2014-04-15T19:59:54.515432 #7083]  INFO -- : 0:  coffee-script (2.2.0) from /Users/Zack/.rvm/gems/ruby-2.1.0/specifications/coffee-script-2.2.0.gemspec
I, [2014-04-15T19:59:54.515783 #7083]  INFO -- : 0:  thor (0.19.1) from /Users/Zack/.rvm/gems/ruby-2.1.0/specifications/thor-0.19.1.gemspec
I, [2014-04-15T19:59:54.516135 #7083]  INFO -- : 0:  railties (4.0.2) from /Users/Zack/.rvm/gems/ruby-2.1.0@global/specifications/railties-4.0.2.gemspec
I, [2014-04-15T19:59:54.516406 #7083]  INFO -- : 0:  coffee-rails (4.0.1) from /Users/Zack/.rvm/gems/ruby-2.1.0/specifications/coffee-rails-4.0.1.gemspec
I, [2014-04-15T19:59:55.833922 #7083]  INFO -- : 0:  font-awesome-rails (4.0.3.1) from /Users/Zack/.rvm/gems/ruby-2.1.0/specifications/font-awesome-rails-4.0.3.1.gemspec
I, [2014-04-15T19:59:55.834456 #7083]  INFO -- : 0:  hike (1.2.3) from /Users/Zack/.rvm/gems/ruby-2.1.0@global/specifications/hike-1.2.3.gemspec
I, [2014-04-15T19:59:55.834847 #7083]  INFO -- : 0:  jbuilder (1.5.3) from /Users/Zack/.rvm/gems/ruby-2.1.0/specifications/jbuilder-1.5.3.gemspec
I, [2014-04-15T19:59:55.835222 #7083]  INFO -- : 0:  jquery-rails (3.1.0) from /Users/Zack/.rvm/gems/ruby-2.1.0/specifications/jquery-rails-3.1.0.gemspec
I, [2014-04-15T19:59:55.835511 #7083]  INFO -- : 0:  json (1.8.1) from /Users/Zack/.rvm/rubies/ruby-2.1.0/lib/ruby/gems/2.1.0/specifications/default/json-1.8.1.gemspec
I, [2014-04-15T19:59:55.835810 #7083]  INFO -- : 0:  tilt (1.4.1) from /Users/Zack/.rvm/gems/ruby-2.1.0@global/specifications/tilt-1.4.1.gemspec
I, [2014-04-15T19:59:55.836082 #7083]  INFO -- : 0:  sprockets (2.11.0) from /Users/Zack/.rvm/gems/ruby-2.1.0/specifications/sprockets-2.11.0.gemspec
I, [2014-04-15T19:59:55.836366 #7083]  INFO -- : 0:  sprockets-rails (2.0.1) from /Users/Zack/.rvm/gems/ruby-2.1.0@global/specifications/sprockets-rails-2.0.1.gemspec
I, [2014-04-15T19:59:55.836672 #7083]  INFO -- : 0:  rails (4.0.2) from /Users/Zack/.rvm/gems/ruby-2.1.0@global/specifications/rails-4.0.2.gemspec
I, [2014-04-15T19:59:55.837056 #7083]  INFO -- : 0:  rails_refactor (1.3) from /Users/Zack/.rvm/gems/ruby-2.1.0/specifications/rails_refactor-1.3.gemspec
I, [2014-04-15T19:59:55.837603 #7083]  INFO -- : 0:  rdoc (4.1.1) from /Users/Zack/.rvm/gems/ruby-2.1.0/specifications/rdoc-4.1.1.gemspec
I, [2014-04-15T19:59:55.838293 #7083]  INFO -- : 0:  sass-rails (4.0.3) from /Users/Zack/.rvm/gems/ruby-2.1.0/specifications/sass-rails-4.0.3.gemspec
I, [2014-04-15T19:59:55.838967 #7083]  INFO -- : 0:  sdoc (0.4.0) from /Users/Zack/.rvm/gems/ruby-2.1.0/specifications/sdoc-0.4.0.gemspec
I, [2014-04-15T19:59:55.839673 #7083]  INFO -- : 0:  sqlite3 (1.3.9) from /Users/Zack/.rvm/gems/ruby-2.1.0/specifications/sqlite3-1.3.9.gemspec
I, [2014-04-15T19:59:55.840196 #7083]  INFO -- : 0:  turbolinks (2.2.2) from /Users/Zack/.rvm/gems/ruby-2.1.0/specifications/turbolinks-2.2.2.gemspec
I, [2014-04-15T19:59:55.840900 #7083]  INFO -- : 0:  uglifier (2.5.0) from /Users/Zack/.rvm/gems/ruby-2.1.0/specifications/uglifier-2.5.0.gemspec
